mode: set
github.com/elangreza14/gathering/internal/service/gathering.go:31.64,35.2 1 1
github.com/elangreza14/gathering/internal/service/gathering.go:38.127,39.74 1 1
github.com/elangreza14/gathering/internal/service/gathering.go:39.74,41.3 1 1
github.com/elangreza14/gathering/internal/service/gathering.go:43.2,50.16 2 1
github.com/elangreza14/gathering/internal/service/gathering.go:50.16,52.3 1 1
github.com/elangreza14/gathering/internal/service/gathering.go:54.2,54.48 1 1
github.com/elangreza14/gathering/internal/service/gathering.go:54.48,55.123 1 1
github.com/elangreza14/gathering/internal/service/gathering.go:55.123,57.4 1 1
github.com/elangreza14/gathering/internal/service/gathering.go:60.2,62.8 1 1
github.com/elangreza14/gathering/internal/service/gathering.go:66.148,68.16 2 1
github.com/elangreza14/gathering/internal/service/gathering.go:68.16,70.3 1 1
github.com/elangreza14/gathering/internal/service/gathering.go:72.2,73.16 2 1
github.com/elangreza14/gathering/internal/service/gathering.go:73.16,75.3 1 1
github.com/elangreza14/gathering/internal/service/gathering.go:77.2,77.45 1 1
github.com/elangreza14/gathering/internal/service/gathering.go:77.45,79.3 1 1
github.com/elangreza14/gathering/internal/service/gathering.go:81.2,81.54 1 1
github.com/elangreza14/gathering/internal/service/gathering.go:81.54,83.17 2 1
github.com/elangreza14/gathering/internal/service/gathering.go:83.17,85.4 1 1
github.com/elangreza14/gathering/internal/service/gathering.go:87.3,87.33 1 1
github.com/elangreza14/gathering/internal/service/gathering.go:87.33,89.4 1 1
github.com/elangreza14/gathering/internal/service/gathering.go:92.2,96.16 2 1
github.com/elangreza14/gathering/internal/service/gathering.go:96.16,98.3 1 1
github.com/elangreza14/gathering/internal/service/gathering.go:100.2,102.8 1 1
github.com/elangreza14/gathering/internal/service/member.go:28.55,32.2 1 1
github.com/elangreza14/gathering/internal/service/member.go:35.115,41.16 2 1
github.com/elangreza14/gathering/internal/service/member.go:41.16,43.3 1 1
github.com/elangreza14/gathering/internal/service/member.go:45.2,47.8 1 1
github.com/elangreza14/gathering/internal/service/member.go:51.101,53.16 2 1
github.com/elangreza14/gathering/internal/service/member.go:53.16,55.3 1 1
github.com/elangreza14/gathering/internal/service/member.go:57.2,58.16 2 1
github.com/elangreza14/gathering/internal/service/member.go:58.16,60.3 1 1
github.com/elangreza14/gathering/internal/service/member.go:62.2,62.38 1 1
github.com/elangreza14/gathering/internal/service/member.go:62.38,64.3 1 1
github.com/elangreza14/gathering/internal/service/member.go:66.2,68.57 2 1
github.com/elangreza14/gathering/internal/controller/gathering.go:26.76,30.2 1 1
github.com/elangreza14/gathering/internal/controller/gathering.go:33.66,34.30 1 1
github.com/elangreza14/gathering/internal/controller/gathering.go:34.30,36.49 2 1
github.com/elangreza14/gathering/internal/controller/gathering.go:36.49,39.4 2 1
github.com/elangreza14/gathering/internal/controller/gathering.go:41.3,42.17 2 1
github.com/elangreza14/gathering/internal/controller/gathering.go:42.17,45.4 2 1
github.com/elangreza14/gathering/internal/controller/gathering.go:47.3,47.60 1 1
github.com/elangreza14/gathering/internal/controller/gathering.go:52.66,53.30 1 1
github.com/elangreza14/gathering/internal/controller/gathering.go:53.30,55.49 2 1
github.com/elangreza14/gathering/internal/controller/gathering.go:55.49,58.4 2 1
github.com/elangreza14/gathering/internal/controller/gathering.go:60.3,61.17 2 1
github.com/elangreza14/gathering/internal/controller/gathering.go:61.17,64.4 2 1
github.com/elangreza14/gathering/internal/controller/gathering.go:66.3,66.60 1 1
github.com/elangreza14/gathering/internal/controller/member.go:25.67,29.2 1 1
github.com/elangreza14/gathering/internal/controller/member.go:39.60,40.30 1 1
github.com/elangreza14/gathering/internal/controller/member.go:40.30,42.49 2 1
github.com/elangreza14/gathering/internal/controller/member.go:42.49,45.4 2 1
github.com/elangreza14/gathering/internal/controller/member.go:47.3,48.17 2 1
github.com/elangreza14/gathering/internal/controller/member.go:48.17,51.4 2 1
github.com/elangreza14/gathering/internal/controller/member.go:53.3,53.65 1 1
github.com/elangreza14/gathering/internal/controller/member.go:65.65,66.30 1 1
github.com/elangreza14/gathering/internal/controller/member.go:66.30,68.49 2 1
github.com/elangreza14/gathering/internal/controller/member.go:68.49,71.4 2 1
github.com/elangreza14/gathering/internal/controller/member.go:73.3,74.17 2 1
github.com/elangreza14/gathering/internal/controller/member.go:74.17,77.4 2 1
github.com/elangreza14/gathering/internal/controller/member.go:79.3,79.52 1 1
